<?xml version="1.0" encoding="UTF-8"?>
<!-- Generated by org.testng.reporters.JUnitXMLReporter -->
<testsuite hostname="LAPTOP-2FD2RQ3C" ignored="0" name="FreeCRM TestCases" tests="9" failures="0" timestamp="29 Sep 2018 09:18:47 GMT" time="202.422" errors="0">
  <testcase name="titleTest" time="0.023" classname="com.crm.tests.LoginPageTest"/>
  <testcase name="crmLogoTest" time="0.057" classname="com.crm.tests.LoginPageTest"/>
  <testcase name="loginTest" time="22.898" classname="com.crm.tests.LoginPageTest"/>
  <testcase name="validateHomepageTitleTest" time="0.012" classname="com.crm.tests.HomePageTest"/>
  <testcase name="validateLoggedinUserTest" time="0.24" classname="com.crm.tests.HomePageTest"/>
  <testcase name="verifyContactslinkTest" time="1.449" classname="com.crm.tests.HomePageTest"/>
  <testcase name="verifyContactslabelTest" time="0.027" classname="com.crm.tests.ContactsPageTest"/>
  <testcase name="validateCreateNewcontact" time="4.325" classname="com.crm.tests.ContactsPageTest"/>
  <testcase name="validateCreateNewcontact" time="3.163" classname="com.crm.tests.ContactsPageTest"/>
</testsuite> <!-- FreeCRM TestCases -->
