<?xml version="1.0" encoding="UTF-8"?>
<!-- Generated by org.testng.reporters.JUnitXMLReporter -->
<testsuite hostname="LAPTOP-2FD2RQ3C" ignored="0" name="Default test" tests="3" failures="0" timestamp="29 Sep 2018 09:43:00 GMT" time="47.704" errors="0">
  <testcase name="titleTest" time="0.015" classname="com.crm.tests.LoginPageTest"/>
  <testcase name="crmLogoTest" time="0.039" classname="com.crm.tests.LoginPageTest"/>
  <testcase name="loginTest" time="20.347" classname="com.crm.tests.LoginPageTest"/>
</testsuite> <!-- Default test -->
